2025-05-15 10:08:07,220 - INFO - root - Setting up application...
2025-05-15 10:34:57,183 - INFO - root - Setting up application...
2025-05-15 10:36:00,434 - INFO - root - Setting up application...
2025-05-15 10:37:18,583 - INFO - root - Setting up application...
2025-05-15 10:46:28,464 - INFO - root - Setting up application...
2025-05-15 14:30:56,333 - INFO - root - Setting up application...
2025-05-15 14:30:56,998 - INFO - root - Setting up application...
2025-05-15 14:31:02,603 - INFO - root - Setting up application...
2025-05-15 14:32:18,997 - INFO - root - Setting up application...
2025-05-15 14:33:44,516 - INFO - root - Setting up application...
2025-05-15 14:34:03,817 - INFO - root - Setting up application...
2025-05-15 14:34:19,714 - INFO - root - Setting up application...
2025-05-15 14:34:20,681 - ERROR - root - Error delete session: 'Collection' object is not callable. If you meant to call the 'deleteMany' method on a 'Collection' object it is failing because no such method exists.
2025-05-15 14:34:39,519 - INFO - root - Setting up application...
2025-05-15 15:11:31,169 - INFO - root - Setting up application...
2025-05-15 15:31:56,989 - INFO - root - Setting up application...
2025-05-15 15:31:57,878 - INFO - root - Setting up application...
2025-05-15 15:35:52,044 - INFO - root - Setting up application...
2025-05-15 15:36:04,612 - INFO - root - Setting up application...
2025-05-15 15:36:21,184 - INFO - root - Setting up application...
2025-05-15 15:36:31,440 - INFO - root - Setting up application...
2025-05-15 15:36:38,121 - INFO - root - Setting up application...
2025-05-15 15:36:42,808 - INFO - root - Setting up application...
2025-05-15 15:37:00,917 - INFO - root - Setting up application...
2025-05-15 15:37:17,492 - INFO - root - Setting up application...
2025-05-15 15:39:02,585 - INFO - root - Setting up application...
2025-05-15 15:39:20,074 - INFO - root - Setting up application...
2025-05-15 15:39:20,752 - INFO - root - NjgyMmVkODE0YWJiYWM5NzEwNTFmYzU2OjJlMWVhNjUzMjNmMTVlZWI1OTM0ZmU5MWRlZTAyYTBi
2025-05-15 15:39:28,291 - INFO - root - Setting up application...
2025-05-15 15:39:39,322 - INFO - root - Setting up application...
2025-05-15 15:39:55,530 - INFO - root - Setting up application...
2025-05-15 15:40:28,217 - INFO - root - Setting up application...
2025-05-15 15:40:29,073 - ERROR - root - type object 'lib_user' has no attribute 'lib_user'
2025-05-15 15:40:52,836 - INFO - root - Setting up application...
2025-05-15 15:40:54,547 - INFO - root - Setting up application...
2025-05-15 15:41:08,663 - INFO - root - Setting up application...
2025-05-15 15:41:18,478 - INFO - root - Setting up application...
2025-05-15 17:22:10,722 - INFO - root - Setting up application...
2025-05-15 17:22:11,567 - INFO - root - Setting up application...
2025-05-15 17:22:38,280 - INFO - root - Setting up application...
2025-05-15 17:22:40,459 - INFO - root - Setting up application...
2025-05-15 17:22:41,150 - INFO - root - Setting up application...
2025-05-15 17:23:05,748 - INFO - root - Setting up application...
2025-05-15 17:35:34,967 - INFO - root - Setting up application...
2025-05-15 17:35:41,764 - INFO - root - Setting up application...
2025-05-15 17:36:21,146 - INFO - root - Setting up application...
2025-05-15 17:37:04,082 - INFO - root - Setting up application...
2025-05-15 17:37:04,998 - INFO - root - Setting up application...
2025-05-15 17:37:27,689 - INFO - root - Setting up application...
2025-05-15 17:37:36,482 - INFO - root - Setting up application...
2025-05-15 17:37:53,876 - INFO - root - Setting up application...
2025-05-15 17:38:04,869 - INFO - root - Setting up application...
2025-05-15 17:38:25,649 - INFO - root - Setting up application...
2025-05-15 17:42:29,153 - INFO - root - Setting up application...
2025-05-15 17:42:52,731 - INFO - root - Setting up application...
2025-05-15 17:43:00,635 - INFO - root - Setting up application...
2025-05-15 17:43:30,270 - INFO - root - Setting up application...
2025-05-15 17:43:59,693 - INFO - root - Setting up application...
2025-05-15 17:44:14,641 - INFO - root - Setting up application...
2025-05-15 17:45:53,721 - INFO - root - Setting up application...
2025-05-15 17:46:09,702 - INFO - root - Setting up application...
2025-05-15 17:46:28,074 - INFO - root - Setting up application...
2025-05-15 17:46:33,610 - INFO - root - Setting up application...
2025-05-15 17:46:36,566 - INFO - root - Setting up application...
2025-05-15 17:47:00,935 - INFO - root - Setting up application...
2025-05-15 17:47:17,249 - INFO - root - Setting up application...
2025-05-15 17:47:54,750 - INFO - root - Setting up application...
2025-05-15 17:48:00,914 - INFO - root - Setting up application...
2025-05-15 17:48:18,371 - INFO - root - Setting up application...
2025-05-15 17:57:55,166 - INFO - root - Setting up application...
2025-05-15 17:58:05,544 - INFO - root - Setting up application...
2025-05-15 17:58:24,599 - INFO - root - 6822ed814abbac971051fc56:2e1ea65323f15eeb5934fe91dee02a0b
